[17-Nov-2025 14:53:41 Europe/Berlin] PHP Fatal error:  Uncaught mysqli_sql_exception: Table 'socially_db.post_likes' doesn't exist in C:\xampp\htdocs\backend\api\posts.php:190
Stack trace:
#0 C:\xampp\htdocs\backend\api\posts.php(190): mysqli->prepare('\r\n            S...')
#1 {main}
  thrown in C:\xampp\htdocs\backend\api\posts.php on line 190
[17-Nov-2025 14:53:41 Europe/Berlin] PHP Fatal error:  Uncaught mysqli_sql_exception: Table 'socially_db.post_likes' doesn't exist in C:\xampp\htdocs\backend\api\posts.php:190
Stack trace:
#0 C:\xampp\htdocs\backend\api\posts.php(190): mysqli->prepare('\r\n            S...')
#1 {main}
  thrown in C:\xampp\htdocs\backend\api\posts.php on line 190
[17-Nov-2025 14:53:54 Europe/Berlin] PHP Fatal error:  Uncaught mysqli_sql_exception: Unknown column 'timestamp' in 'field list' in C:\xampp\htdocs\backend\api\posts.php:44
Stack trace:
#0 C:\xampp\htdocs\backend\api\posts.php(44): mysqli->prepare('INSERT INTO pos...')
#1 {main}
  thrown in C:\xampp\htdocs\backend\api\posts.php on line 44
[17-Nov-2025 14:56:59 Europe/Berlin] PHP Fatal error:  Uncaught mysqli_sql_exception: Table 'socially_db.post_likes' doesn't exist in C:\xampp\htdocs\backend\api\posts.php:71
Stack trace:
#0 C:\xampp\htdocs\backend\api\posts.php(71): mysqli->prepare('\r\n        SELEC...')
#1 {main}
  thrown in C:\xampp\htdocs\backend\api\posts.php on line 71
[17-Nov-2025 14:56:59 Europe/Berlin] PHP Fatal error:  Uncaught mysqli_sql_exception: Table 'socially_db.post_likes' doesn't exist in C:\xampp\htdocs\backend\api\posts.php:71
Stack trace:
#0 C:\xampp\htdocs\backend\api\posts.php(71): mysqli->prepare('\r\n        SELEC...')
#1 {main}
  thrown in C:\xampp\htdocs\backend\api\posts.php on line 71
[17-Nov-2025 14:57:08 Europe/Berlin] PHP Fatal error:  Uncaught mysqli_sql_exception: Unknown column 'timestamp' in 'field list' in C:\xampp\htdocs\backend\api\posts.php:37
Stack trace:
#0 C:\xampp\htdocs\backend\api\posts.php(37): mysqli->prepare('INSERT INTO pos...')
#1 {main}
  thrown in C:\xampp\htdocs\backend\api\posts.php on line 37
[17-Nov-2025 15:36:10 Europe/Berlin] PHP Fatal error:  Uncaught mysqli_sql_exception: Table 'socially_db.post_likes' doesn't exist in C:\xampp\htdocs\backend\api\posts.php:56
Stack trace:
#0 C:\xampp\htdocs\backend\api\posts.php(56): mysqli->prepare('\r\n        SELEC...')
#1 {main}
  thrown in C:\xampp\htdocs\backend\api\posts.php on line 56
[17-Nov-2025 15:36:10 Europe/Berlin] PHP Fatal error:  Uncaught mysqli_sql_exception: Table 'socially_db.post_likes' doesn't exist in C:\xampp\htdocs\backend\api\posts.php:56
Stack trace:
#0 C:\xampp\htdocs\backend\api\posts.php(56): mysqli->prepare('\r\n        SELEC...')
#1 {main}
  thrown in C:\xampp\htdocs\backend\api\posts.php on line 56
[17-Nov-2025 15:36:20 Europe/Berlin] PHP Fatal error:  Uncaught mysqli_sql_exception: Unknown column 'timestamp' in 'field list' in C:\xampp\htdocs\backend\api\posts.php:32
Stack trace:
#0 C:\xampp\htdocs\backend\api\posts.php(32): mysqli->prepare('INSERT INTO pos...')
#1 {main}
  thrown in C:\xampp\htdocs\backend\api\posts.php on line 32
[17-Nov-2025 15:50:39 Europe/Berlin] PHP Fatal error:  Uncaught mysqli_sql_exception: Table 'socially_db.post_likes' doesn't exist in C:\xampp\htdocs\backend\api\posts.php:88
Stack trace:
#0 C:\xampp\htdocs\backend\api\posts.php(88): mysqli->prepare('\r\n        SELEC...')
#1 {main}
  thrown in C:\xampp\htdocs\backend\api\posts.php on line 88
[17-Nov-2025 15:50:39 Europe/Berlin] PHP Fatal error:  Uncaught mysqli_sql_exception: Table 'socially_db.post_likes' doesn't exist in C:\xampp\htdocs\backend\api\posts.php:88
Stack trace:
#0 C:\xampp\htdocs\backend\api\posts.php(88): mysqli->prepare('\r\n        SELEC...')
#1 {main}
  thrown in C:\xampp\htdocs\backend\api\posts.php on line 88
[17-Nov-2025 15:50:53 Europe/Berlin] Create post request body: {"caption":"biryani","imageUrls":["http://192.168.18.55/backend/uploads/user_69188014c150b4.97028408_1763391053.jpg"],"postId":"user_69188014c150b4.97028408_1763391054027","timestamp":1763391054027}
[17-Nov-2025 15:50:53 Europe/Berlin] Exception during post creation: Unknown column 'timestamp' in 'field list'
[17-Nov-2025 15:53:55 Europe/Berlin] PHP Fatal error:  Uncaught mysqli_sql_exception: Table 'socially_db.post_likes' doesn't exist in C:\xampp\htdocs\backend\api\posts.php:88
Stack trace:
#0 C:\xampp\htdocs\backend\api\posts.php(88): mysqli->prepare('\r\n        SELEC...')
#1 {main}
  thrown in C:\xampp\htdocs\backend\api\posts.php on line 88
[17-Nov-2025 15:53:55 Europe/Berlin] PHP Fatal error:  Uncaught mysqli_sql_exception: Table 'socially_db.post_likes' doesn't exist in C:\xampp\htdocs\backend\api\posts.php:88
Stack trace:
#0 C:\xampp\htdocs\backend\api\posts.php(88): mysqli->prepare('\r\n        SELEC...')
#1 {main}
  thrown in C:\xampp\htdocs\backend\api\posts.php on line 88
[17-Nov-2025 15:54:05 Europe/Berlin] Create post request body: {"caption":"","imageUrls":["http://192.168.18.55/backend/uploads/user_69188014c150b4.97028408_1763391245.jpg"],"postId":"user_69188014c150b4.97028408_1763391246383","timestamp":1763391246383}
[17-Nov-2025 15:54:05 Europe/Berlin] Post inserted successfully with ID: user_69188014c150b4.97028408_1763391246383
[17-Nov-2025 15:54:05 Europe/Berlin] Exception during post creation: Table 'socially_db.post_images' doesn't exist
[17-Nov-2025 15:54:29 Europe/Berlin] PHP Fatal error:  Uncaught mysqli_sql_exception: Table 'socially_db.post_likes' doesn't exist in C:\xampp\htdocs\backend\api\posts.php:88
Stack trace:
#0 C:\xampp\htdocs\backend\api\posts.php(88): mysqli->prepare('\r\n        SELEC...')
#1 {main}
  thrown in C:\xampp\htdocs\backend\api\posts.php on line 88
[17-Nov-2025 15:54:30 Europe/Berlin] PHP Fatal error:  Uncaught mysqli_sql_exception: Table 'socially_db.post_likes' doesn't exist in C:\xampp\htdocs\backend\api\posts.php:88
Stack trace:
#0 C:\xampp\htdocs\backend\api\posts.php(88): mysqli->prepare('\r\n        SELEC...')
#1 {main}
  thrown in C:\xampp\htdocs\backend\api\posts.php on line 88
[17-Nov-2025 15:54:32 Europe/Berlin] PHP Fatal error:  Uncaught mysqli_sql_exception: Table 'socially_db.post_likes' doesn't exist in C:\xampp\htdocs\backend\api\posts.php:88
Stack trace:
#0 C:\xampp\htdocs\backend\api\posts.php(88): mysqli->prepare('\r\n        SELEC...')
#1 {main}
  thrown in C:\xampp\htdocs\backend\api\posts.php on line 88
[17-Nov-2025 15:56:26 Europe/Berlin] PHP Fatal error:  Uncaught mysqli_sql_exception: Table 'socially_db.post_likes' doesn't exist in C:\xampp\htdocs\backend\api\posts.php:88
Stack trace:
#0 C:\xampp\htdocs\backend\api\posts.php(88): mysqli->prepare('\r\n        SELEC...')
#1 {main}
  thrown in C:\xampp\htdocs\backend\api\posts.php on line 88
[17-Nov-2025 15:56:27 Europe/Berlin] PHP Fatal error:  Uncaught mysqli_sql_exception: Table 'socially_db.post_likes' doesn't exist in C:\xampp\htdocs\backend\api\posts.php:88
Stack trace:
#0 C:\xampp\htdocs\backend\api\posts.php(88): mysqli->prepare('\r\n        SELEC...')
#1 {main}
  thrown in C:\xampp\htdocs\backend\api\posts.php on line 88
[17-Nov-2025 15:56:37 Europe/Berlin] PHP Fatal error:  Uncaught mysqli_sql_exception: Table 'socially_db.post_likes' doesn't exist in C:\xampp\htdocs\backend\api\posts.php:88
Stack trace:
#0 C:\xampp\htdocs\backend\api\posts.php(88): mysqli->prepare('\r\n        SELEC...')
#1 {main}
  thrown in C:\xampp\htdocs\backend\api\posts.php on line 88
[17-Nov-2025 15:57:04 Europe/Berlin] PHP Fatal error:  Uncaught mysqli_sql_exception: Table 'socially_db.post_likes' doesn't exist in C:\xampp\htdocs\backend\api\posts.php:88
Stack trace:
#0 C:\xampp\htdocs\backend\api\posts.php(88): mysqli->prepare('\r\n        SELEC...')
#1 {main}
  thrown in C:\xampp\htdocs\backend\api\posts.php on line 88
[17-Nov-2025 15:57:07 Europe/Berlin] PHP Fatal error:  Uncaught mysqli_sql_exception: Table 'socially_db.post_likes' doesn't exist in C:\xampp\htdocs\backend\api\posts.php:88
Stack trace:
#0 C:\xampp\htdocs\backend\api\posts.php(88): mysqli->prepare('\r\n        SELEC...')
#1 {main}
  thrown in C:\xampp\htdocs\backend\api\posts.php on line 88
[17-Nov-2025 16:37:16 Europe/Berlin] PHP Fatal error:  Uncaught mysqli_sql_exception: Table 'socially_db.post_likes' doesn't exist in C:\xampp\htdocs\backend\api\posts.php:88
Stack trace:
#0 C:\xampp\htdocs\backend\api\posts.php(88): mysqli->prepare('\r\n        SELEC...')
#1 {main}
  thrown in C:\xampp\htdocs\backend\api\posts.php on line 88
[17-Nov-2025 16:37:16 Europe/Berlin] PHP Fatal error:  Uncaught mysqli_sql_exception: Table 'socially_db.post_likes' doesn't exist in C:\xampp\htdocs\backend\api\posts.php:88
Stack trace:
#0 C:\xampp\htdocs\backend\api\posts.php(88): mysqli->prepare('\r\n        SELEC...')
#1 {main}
  thrown in C:\xampp\htdocs\backend\api\posts.php on line 88
[17-Nov-2025 16:37:34 Europe/Berlin] Create post request body: {"caption":"so many problems!","imageUrls":["http://192.168.18.55/backend/uploads/user_69188f6b8e6ee7.38166017_1763393854.jpg"],"postId":"user_69188f6b8e6ee7.38166017_1763393855056","timestamp":1763393855056}
[17-Nov-2025 16:37:34 Europe/Berlin] Post inserted successfully with ID: user_69188f6b8e6ee7.38166017_1763393855056
[17-Nov-2025 16:37:34 Europe/Berlin] Exception during post creation: Table 'socially_db.post_images' doesn't exist
[17-Nov-2025 16:41:18 Europe/Berlin] PHP Fatal error:  Uncaught mysqli_sql_exception: Table 'socially_db.post_likes' doesn't exist in C:\xampp\htdocs\backend\api\posts.php:88
Stack trace:
#0 C:\xampp\htdocs\backend\api\posts.php(88): mysqli->prepare('\r\n        SELEC...')
#1 {main}
  thrown in C:\xampp\htdocs\backend\api\posts.php on line 88
[17-Nov-2025 16:41:18 Europe/Berlin] PHP Fatal error:  Uncaught mysqli_sql_exception: Table 'socially_db.post_likes' doesn't exist in C:\xampp\htdocs\backend\api\posts.php:88
Stack trace:
#0 C:\xampp\htdocs\backend\api\posts.php(88): mysqli->prepare('\r\n        SELEC...')
#1 {main}
  thrown in C:\xampp\htdocs\backend\api\posts.php on line 88
[17-Nov-2025 16:41:27 Europe/Berlin] Create post request body: {"caption":"","imageUrls":["http://192.168.18.55/backend/uploads/user_69188014c150b4.97028408_1763394087.jpg"],"postId":"user_69188014c150b4.97028408_1763394088624","timestamp":1763394088624}
[17-Nov-2025 16:41:27 Europe/Berlin] Post inserted successfully with ID: user_69188014c150b4.97028408_1763394088624
[17-Nov-2025 16:41:27 Europe/Berlin] Image 0 inserted: http://192.168.18.55/backend/uploads/user_69188014c150b4.97028408_1763394087.jpg
[17-Nov-2025 16:41:27 Europe/Berlin] Post creation completed successfully
[17-Nov-2025 16:44:53 Europe/Berlin] PHP Fatal error:  Uncaught mysqli_sql_exception: Table 'socially_db.post_likes' doesn't exist in C:\xampp\htdocs\backend\api\posts.php:68
Stack trace:
#0 C:\xampp\htdocs\backend\api\posts.php(68): mysqli->prepare('\r\n        SELEC...')
#1 {main}
  thrown in C:\xampp\htdocs\backend\api\posts.php on line 68
[17-Nov-2025 16:44:53 Europe/Berlin] PHP Fatal error:  Uncaught mysqli_sql_exception: Table 'socially_db.post_likes' doesn't exist in C:\xampp\htdocs\backend\api\posts.php:68
Stack trace:
#0 C:\xampp\htdocs\backend\api\posts.php(68): mysqli->prepare('\r\n        SELEC...')
#1 {main}
  thrown in C:\xampp\htdocs\backend\api\posts.php on line 68
[17-Nov-2025 16:56:26 Europe/Berlin] PHP Fatal error:  Uncaught mysqli_sql_exception: Table 'socially_db.post_likes' doesn't exist in C:\xampp\htdocs\backend\api\posts.php:92
Stack trace:
#0 C:\xampp\htdocs\backend\api\posts.php(92): mysqli->prepare('\r\n        SELEC...')
#1 {main}
  thrown in C:\xampp\htdocs\backend\api\posts.php on line 92
[17-Nov-2025 16:56:26 Europe/Berlin] PHP Fatal error:  Uncaught mysqli_sql_exception: Table 'socially_db.post_likes' doesn't exist in C:\xampp\htdocs\backend\api\posts.php:92
Stack trace:
#0 C:\xampp\htdocs\backend\api\posts.php(92): mysqli->prepare('\r\n        SELEC...')
#1 {main}
  thrown in C:\xampp\htdocs\backend\api\posts.php on line 92
[17-Nov-2025 16:56:41 Europe/Berlin] PHP Fatal error:  Uncaught mysqli_sql_exception: Table 'socially_db.post_likes' doesn't exist in C:\xampp\htdocs\backend\api\posts.php:92
Stack trace:
#0 C:\xampp\htdocs\backend\api\posts.php(92): mysqli->prepare('\r\n        SELEC...')
#1 {main}
  thrown in C:\xampp\htdocs\backend\api\posts.php on line 92
[17-Nov-2025 16:56:41 Europe/Berlin] PHP Fatal error:  Uncaught mysqli_sql_exception: Table 'socially_db.post_likes' doesn't exist in C:\xampp\htdocs\backend\api\posts.php:92
Stack trace:
#0 C:\xampp\htdocs\backend\api\posts.php(92): mysqli->prepare('\r\n        SELEC...')
#1 {main}
  thrown in C:\xampp\htdocs\backend\api\posts.php on line 92
[17-Nov-2025 17:02:28 Europe/Berlin] getFeed called - limit: 50, beforeTimestamp: 9223372036854775807, currentUserId: user_69188014c150b4.97028408
[17-Nov-2025 17:02:28 Europe/Berlin] getFeed called - limit: 50, beforeTimestamp: 9223372036854775807, currentUserId: user_69188014c150b4.97028408
[17-Nov-2025 17:02:28 Europe/Berlin] Exception in getFeed: Table 'socially_db.post_likes' doesn't exist
[17-Nov-2025 17:02:28 Europe/Berlin] Exception in getFeed: Table 'socially_db.post_likes' doesn't exist
[17-Nov-2025 17:02:32 Europe/Berlin] getFeed called - limit: 50, beforeTimestamp: 9223372036854775807, currentUserId: user_69188014c150b4.97028408
[17-Nov-2025 17:02:32 Europe/Berlin] Exception in getFeed: Table 'socially_db.post_likes' doesn't exist
[17-Nov-2025 17:04:31 Europe/Berlin] getFeed called - limit: 50, beforeTimestamp: 9223372036854775807, currentUserId: user_69188014c150b4.97028408
[17-Nov-2025 17:04:31 Europe/Berlin] getFeed called - limit: 50, beforeTimestamp: 9223372036854775807, currentUserId: user_69188014c150b4.97028408
[17-Nov-2025 17:04:31 Europe/Berlin] getFeed returning 1 posts
[17-Nov-2025 17:04:31 Europe/Berlin] getFeed returning 1 posts
[17-Nov-2025 17:04:45 Europe/Berlin] getFeed called - limit: 50, beforeTimestamp: 9223372036854775807, currentUserId: user_69188014c150b4.97028408
[17-Nov-2025 17:04:45 Europe/Berlin] getFeed called - limit: 50, beforeTimestamp: 9223372036854775807, currentUserId: user_69188014c150b4.97028408
[17-Nov-2025 17:04:45 Europe/Berlin] getFeed returning 2 posts
[17-Nov-2025 17:04:45 Europe/Berlin] getFeed returning 2 posts
[17-Nov-2025 17:04:49 Europe/Berlin] getFeed called - limit: 50, beforeTimestamp: 9223372036854775807, currentUserId: user_69188014c150b4.97028408
[17-Nov-2025 17:04:49 Europe/Berlin] getFeed returning 2 posts
[17-Nov-2025 17:07:00 Europe/Berlin] getFeed called - limit: 50, beforeTimestamp: 9223372036854775807, currentUserId: user_69188014c150b4.97028408
[17-Nov-2025 17:07:00 Europe/Berlin] getFeed returning 2 posts
[17-Nov-2025 17:07:11 Europe/Berlin] getFeed called - limit: 50, beforeTimestamp: 9223372036854775807, currentUserId: user_69188014c150b4.97028408
[17-Nov-2025 17:07:11 Europe/Berlin] getFeed called - limit: 50, beforeTimestamp: 9223372036854775807, currentUserId: user_69188014c150b4.97028408
[17-Nov-2025 17:07:11 Europe/Berlin] getFeed returning 3 posts
[17-Nov-2025 17:07:11 Europe/Berlin] getFeed returning 3 posts
[17-Nov-2025 17:07:23 Europe/Berlin] getFeed called - limit: 50, beforeTimestamp: 9223372036854775807, currentUserId: user_69188014c150b4.97028408
[17-Nov-2025 17:07:23 Europe/Berlin] getFeed returning 3 posts
[17-Nov-2025 17:07:32 Europe/Berlin] getFeed called - limit: 50, beforeTimestamp: 9223372036854775807, currentUserId: user_69188014c150b4.97028408
[17-Nov-2025 17:07:32 Europe/Berlin] getFeed returning 3 posts
[17-Nov-2025 17:07:48 Europe/Berlin] getFeed called - limit: 50, beforeTimestamp: 9223372036854775807, currentUserId: user_69188014c150b4.97028408
[17-Nov-2025 17:07:48 Europe/Berlin] getFeed called - limit: 50, beforeTimestamp: 9223372036854775807, currentUserId: user_69188014c150b4.97028408
[17-Nov-2025 17:07:48 Europe/Berlin] getFeed returning 3 posts
[17-Nov-2025 17:07:48 Europe/Berlin] getFeed returning 3 posts
[17-Nov-2025 17:07:50 Europe/Berlin] getFeed called - limit: 50, beforeTimestamp: 9223372036854775807, currentUserId: user_69188014c150b4.97028408
[17-Nov-2025 17:07:50 Europe/Berlin] getFeed returning 3 posts
[17-Nov-2025 17:07:51 Europe/Berlin] getFeed called - limit: 50, beforeTimestamp: 9223372036854775807, currentUserId: user_69188014c150b4.97028408
[17-Nov-2025 17:07:51 Europe/Berlin] getFeed returning 3 posts
[17-Nov-2025 17:07:54 Europe/Berlin] getFeed called - limit: 50, beforeTimestamp: 9223372036854775807, currentUserId: user_69188014c150b4.97028408
[17-Nov-2025 17:07:54 Europe/Berlin] getFeed returning 3 posts
[17-Nov-2025 17:11:23 Europe/Berlin] getFeed called - limit: 50, beforeTimestamp: 9223372036854775807, currentUserId: user_69188014c150b4.97028408
[17-Nov-2025 17:11:23 Europe/Berlin] getFeed called - limit: 50, beforeTimestamp: 9223372036854775807, currentUserId: user_69188014c150b4.97028408
[17-Nov-2025 17:11:23 Europe/Berlin] getFeed returning 3 posts
[17-Nov-2025 17:11:23 Europe/Berlin] getFeed returning 3 posts
[17-Nov-2025 17:12:09 Europe/Berlin] getFeed called - limit: 50, beforeTimestamp: 9223372036854775807, currentUserId: user_69188014c150b4.97028408
[17-Nov-2025 17:12:09 Europe/Berlin] getFeed returning 1 posts
[17-Nov-2025 17:12:33 Europe/Berlin] getFeed called - limit: 50, beforeTimestamp: 9223372036854775807, currentUserId: user_69188014c150b4.97028408
[17-Nov-2025 17:12:33 Europe/Berlin] getFeed called - limit: 50, beforeTimestamp: 9223372036854775807, currentUserId: user_69188014c150b4.97028408
[17-Nov-2025 17:12:33 Europe/Berlin] getFeed returning 2 posts
[17-Nov-2025 17:12:33 Europe/Berlin] getFeed returning 2 posts
[17-Nov-2025 17:13:01 Europe/Berlin] getFeed called - limit: 50, beforeTimestamp: 9223372036854775807, currentUserId: user_69188014c150b4.97028408
[17-Nov-2025 17:13:01 Europe/Berlin] getFeed returning 2 posts
[17-Nov-2025 17:13:16 Europe/Berlin] getFeed called - limit: 50, beforeTimestamp: 9223372036854775807, currentUserId: user_69188014c150b4.97028408
[17-Nov-2025 17:13:16 Europe/Berlin] getFeed returning 1 posts
[17-Nov-2025 17:13:32 Europe/Berlin] getFeed called - limit: 50, beforeTimestamp: 9223372036854775807, currentUserId: user_69188014c150b4.97028408
[17-Nov-2025 17:13:32 Europe/Berlin] getFeed called - limit: 50, beforeTimestamp: 9223372036854775807, currentUserId: user_69188014c150b4.97028408
[17-Nov-2025 17:13:32 Europe/Berlin] getFeed returning 2 posts
[17-Nov-2025 17:13:32 Europe/Berlin] getFeed returning 2 posts
[17-Nov-2025 17:14:11 Europe/Berlin] getFeed called - limit: 50, beforeTimestamp: 9223372036854775807, currentUserId: user_69188014c150b4.97028408
[17-Nov-2025 17:14:11 Europe/Berlin] getFeed returning 1 posts
[17-Nov-2025 17:14:14 Europe/Berlin] getFeed called - limit: 50, beforeTimestamp: 9223372036854775807, currentUserId: user_69188014c150b4.97028408
[17-Nov-2025 17:14:14 Europe/Berlin] getFeed returning 1 posts
[17-Nov-2025 17:16:53 Europe/Berlin] getFeed called - limit: 50, beforeTimestamp: 9223372036854775807, currentUserId: user_69188014c150b4.97028408
[17-Nov-2025 17:16:53 Europe/Berlin] getFeed called - limit: 50, beforeTimestamp: 9223372036854775807, currentUserId: user_69188014c150b4.97028408
[17-Nov-2025 17:16:53 Europe/Berlin] getFeed returning 1 posts
[17-Nov-2025 17:16:53 Europe/Berlin] getFeed returning 1 posts
[17-Nov-2025 17:17:18 Europe/Berlin] getFeed called - limit: 50, beforeTimestamp: 9223372036854775807, currentUserId: user_69188014c150b4.97028408
[17-Nov-2025 17:17:18 Europe/Berlin] getFeed called - limit: 50, beforeTimestamp: 9223372036854775807, currentUserId: user_69188014c150b4.97028408
[17-Nov-2025 17:17:18 Europe/Berlin] getFeed returning 2 posts
[17-Nov-2025 17:17:18 Europe/Berlin] getFeed returning 2 posts
[17-Nov-2025 17:17:45 Europe/Berlin] getFeed called - limit: 50, beforeTimestamp: 9223372036854775807, currentUserId: user_69188014c150b4.97028408
[17-Nov-2025 17:17:45 Europe/Berlin] getFeed called - limit: 50, beforeTimestamp: 9223372036854775807, currentUserId: user_69188014c150b4.97028408
[17-Nov-2025 17:17:45 Europe/Berlin] getFeed returning 2 posts
[17-Nov-2025 17:17:45 Europe/Berlin] getFeed returning 2 posts
[17-Nov-2025 17:18:15 Europe/Berlin] getFeed called - limit: 50, beforeTimestamp: 9223372036854775807, currentUserId: user_69188014c150b4.97028408
[17-Nov-2025 17:18:15 Europe/Berlin] getFeed returning 2 posts
[17-Nov-2025 17:18:23 Europe/Berlin] getFeed called - limit: 50, beforeTimestamp: 9223372036854775807, currentUserId: user_69188014c150b4.97028408
[17-Nov-2025 17:18:23 Europe/Berlin] getFeed returning 2 posts
[17-Nov-2025 17:18:25 Europe/Berlin] getFeed called - limit: 50, beforeTimestamp: 9223372036854775807, currentUserId: user_69188014c150b4.97028408
[17-Nov-2025 17:18:25 Europe/Berlin] getFeed returning 2 posts
[17-Nov-2025 17:19:17 Europe/Berlin] getFeed called - limit: 50, beforeTimestamp: 9223372036854775807, currentUserId: user_69188014c150b4.97028408
[17-Nov-2025 17:19:17 Europe/Berlin] getFeed called - limit: 50, beforeTimestamp: 9223372036854775807, currentUserId: user_69188014c150b4.97028408
[17-Nov-2025 17:19:17 Europe/Berlin] getFeed returning 3 posts
[17-Nov-2025 17:19:17 Europe/Berlin] getFeed returning 3 posts
[17-Nov-2025 17:19:56 Europe/Berlin] getFeed called - limit: 50, beforeTimestamp: 9223372036854775807, currentUserId: user_69188014c150b4.97028408
[17-Nov-2025 17:19:56 Europe/Berlin] getFeed returning 3 posts
[17-Nov-2025 17:32:09 Europe/Berlin] getFeed called - limit: 50, beforeTimestamp: 9223372036854775807, currentUserId: user_69188014c150b4.97028408
[17-Nov-2025 17:32:09 Europe/Berlin] getFeed returning 3 posts
[17-Nov-2025 17:34:31 Europe/Berlin] getFeed called - limit: 50, beforeTimestamp: 9223372036854775807, currentUserId: user_69188014c150b4.97028408
[17-Nov-2025 17:34:31 Europe/Berlin] getFeed returning 3 posts
[17-Nov-2025 17:45:16 Europe/Berlin] getFeed called - limit: 50, beforeTimestamp: 9223372036854775807, currentUserId: user_69188014c150b4.97028408
[17-Nov-2025 17:45:16 Europe/Berlin] getFeed called - limit: 50, beforeTimestamp: 9223372036854775807, currentUserId: user_69188014c150b4.97028408
[17-Nov-2025 17:45:16 Europe/Berlin] getFeed returning 3 posts
[17-Nov-2025 17:45:16 Europe/Berlin] getFeed returning 3 posts
[17-Nov-2025 17:45:49 Europe/Berlin] getFeed called - limit: 50, beforeTimestamp: 9223372036854775807, currentUserId: user_69188f6b8e6ee7.38166017
[17-Nov-2025 17:45:49 Europe/Berlin] getFeed called - limit: 50, beforeTimestamp: 9223372036854775807, currentUserId: user_69188f6b8e6ee7.38166017
[17-Nov-2025 17:45:49 Europe/Berlin] getFeed returning 3 posts
[17-Nov-2025 17:45:49 Europe/Berlin] getFeed returning 3 posts
[17-Nov-2025 17:46:07 Europe/Berlin] getFeed called - limit: 50, beforeTimestamp: 9223372036854775807, currentUserId: user_69188f6b8e6ee7.38166017
[17-Nov-2025 17:46:07 Europe/Berlin] getFeed called - limit: 50, beforeTimestamp: 9223372036854775807, currentUserId: user_69188f6b8e6ee7.38166017
[17-Nov-2025 17:46:07 Europe/Berlin] getFeed returning 4 posts
[17-Nov-2025 17:46:07 Europe/Berlin] getFeed returning 4 posts
[17-Nov-2025 17:51:50 Europe/Berlin] getFeed called - limit: 50, beforeTimestamp: 9223372036854775807, currentUserId: user_69188014c150b4.97028408
[17-Nov-2025 17:51:50 Europe/Berlin] getFeed called - limit: 50, beforeTimestamp: 9223372036854775807, currentUserId: user_69188014c150b4.97028408
[17-Nov-2025 17:51:50 Europe/Berlin] getFeed returning 4 posts
[17-Nov-2025 17:51:50 Europe/Berlin] getFeed returning 4 posts
[17-Nov-2025 17:52:08 Europe/Berlin] getFeed called - limit: 50, beforeTimestamp: 9223372036854775807, currentUserId: user_69188014c150b4.97028408
[17-Nov-2025 17:52:08 Europe/Berlin] getFeed returning 4 posts
[17-Nov-2025 17:52:14 Europe/Berlin] getFeed called - limit: 50, beforeTimestamp: 9223372036854775807, currentUserId: user_69188014c150b4.97028408
[17-Nov-2025 17:52:14 Europe/Berlin] getFeed returning 4 posts
[17-Nov-2025 17:52:33 Europe/Berlin] getFeed called - limit: 50, beforeTimestamp: 9223372036854775807, currentUserId: user_69188014c150b4.97028408
[17-Nov-2025 17:52:33 Europe/Berlin] getFeed returning 4 posts
[17-Nov-2025 17:52:54 Europe/Berlin] getFeed called - limit: 50, beforeTimestamp: 9223372036854775807, currentUserId: user_69188014c150b4.97028408
[17-Nov-2025 17:52:54 Europe/Berlin] getFeed returning 4 posts
[17-Nov-2025 17:53:00 Europe/Berlin] getFeed called - limit: 50, beforeTimestamp: 9223372036854775807, currentUserId: user_69188014c150b4.97028408
[17-Nov-2025 17:53:00 Europe/Berlin] getFeed returning 4 posts
[17-Nov-2025 17:53:04 Europe/Berlin] getFeed called - limit: 50, beforeTimestamp: 9223372036854775807, currentUserId: user_69188014c150b4.97028408
[17-Nov-2025 17:53:04 Europe/Berlin] getFeed returning 4 posts
[17-Nov-2025 17:53:18 Europe/Berlin] getFeed called - limit: 50, beforeTimestamp: 9223372036854775807, currentUserId: user_69188f6b8e6ee7.38166017
[17-Nov-2025 17:53:18 Europe/Berlin] getFeed called - limit: 50, beforeTimestamp: 9223372036854775807, currentUserId: user_69188f6b8e6ee7.38166017
[17-Nov-2025 17:53:18 Europe/Berlin] getFeed returning 4 posts
[17-Nov-2025 17:53:18 Europe/Berlin] getFeed returning 4 posts
[17-Nov-2025 17:53:24 Europe/Berlin] getFeed called - limit: 50, beforeTimestamp: 9223372036854775807, currentUserId: user_69188f6b8e6ee7.38166017
[17-Nov-2025 17:53:24 Europe/Berlin] getFeed returning 4 posts
[17-Nov-2025 17:53:26 Europe/Berlin] getFeed called - limit: 50, beforeTimestamp: 9223372036854775807, currentUserId: user_69188f6b8e6ee7.38166017
[17-Nov-2025 17:53:26 Europe/Berlin] getFeed returning 4 posts
[17-Nov-2025 17:53:29 Europe/Berlin] getFeed called - limit: 50, beforeTimestamp: 9223372036854775807, currentUserId: user_69188f6b8e6ee7.38166017
[17-Nov-2025 17:53:29 Europe/Berlin] getFeed returning 4 posts
[17-Nov-2025 17:53:31 Europe/Berlin] getFeed called - limit: 50, beforeTimestamp: 9223372036854775807, currentUserId: user_69188f6b8e6ee7.38166017
[17-Nov-2025 17:53:31 Europe/Berlin] getFeed returning 4 posts
[17-Nov-2025 17:56:05 Europe/Berlin] getFeed called - limit: 50, beforeTimestamp: 9223372036854775807, currentUserId: user_69188f6b8e6ee7.38166017
[17-Nov-2025 17:56:06 Europe/Berlin] getFeed returning 4 posts
[17-Nov-2025 17:56:07 Europe/Berlin] getFeed called - limit: 50, beforeTimestamp: 9223372036854775807, currentUserId: user_69188f6b8e6ee7.38166017
[17-Nov-2025 17:56:07 Europe/Berlin] getFeed returning 4 posts
[17-Nov-2025 17:56:12 Europe/Berlin] getFeed called - limit: 50, beforeTimestamp: 9223372036854775807, currentUserId: user_69188f6b8e6ee7.38166017
[17-Nov-2025 17:56:12 Europe/Berlin] getFeed returning 4 posts
[17-Nov-2025 17:56:41 Europe/Berlin] getFeed called - limit: 50, beforeTimestamp: 9223372036854775807, currentUserId: user_69188f6b8e6ee7.38166017
[17-Nov-2025 17:56:41 Europe/Berlin] getFeed returning 4 posts
[17-Nov-2025 17:56:47 Europe/Berlin] getFeed called - limit: 50, beforeTimestamp: 9223372036854775807, currentUserId: user_69188f6b8e6ee7.38166017
[17-Nov-2025 17:56:47 Europe/Berlin] getFeed returning 4 posts
[17-Nov-2025 17:57:20 Europe/Berlin] getFeed called - limit: 50, beforeTimestamp: 9223372036854775807, currentUserId: user_69188f6b8e6ee7.38166017
[17-Nov-2025 17:57:20 Europe/Berlin] getFeed called - limit: 50, beforeTimestamp: 9223372036854775807, currentUserId: user_69188f6b8e6ee7.38166017
[17-Nov-2025 17:57:20 Europe/Berlin] getFeed returning 5 posts
[17-Nov-2025 17:57:20 Europe/Berlin] getFeed returning 5 posts
[17-Nov-2025 17:57:26 Europe/Berlin] getFeed called - limit: 50, beforeTimestamp: 9223372036854775807, currentUserId: user_69188f6b8e6ee7.38166017
[17-Nov-2025 17:57:26 Europe/Berlin] getFeed returning 5 posts
[17-Nov-2025 17:57:36 Europe/Berlin] getFeed called - limit: 50, beforeTimestamp: 9223372036854775807, currentUserId: user_69188f6b8e6ee7.38166017
[17-Nov-2025 17:57:36 Europe/Berlin] getFeed returning 5 posts
[17-Nov-2025 17:57:42 Europe/Berlin] getFeed called - limit: 50, beforeTimestamp: 9223372036854775807, currentUserId: user_69188f6b8e6ee7.38166017
[17-Nov-2025 17:57:42 Europe/Berlin] getFeed returning 5 posts
[17-Nov-2025 17:57:45 Europe/Berlin] getFeed called - limit: 50, beforeTimestamp: 9223372036854775807, currentUserId: user_69188f6b8e6ee7.38166017
[17-Nov-2025 17:57:45 Europe/Berlin] getFeed returning 5 posts
[17-Nov-2025 17:58:12 Europe/Berlin] getFeed called - limit: 50, beforeTimestamp: 9223372036854775807, currentUserId: user_69188f6b8e6ee7.38166017
[17-Nov-2025 17:58:12 Europe/Berlin] getFeed returning 5 posts
[17-Nov-2025 17:58:15 Europe/Berlin] getFeed called - limit: 50, beforeTimestamp: 9223372036854775807, currentUserId: user_69188f6b8e6ee7.38166017
[17-Nov-2025 17:58:15 Europe/Berlin] getFeed called - limit: 50, beforeTimestamp: 9223372036854775807, currentUserId: user_69188f6b8e6ee7.38166017
[17-Nov-2025 17:58:15 Europe/Berlin] getFeed returning 5 posts
[17-Nov-2025 17:58:15 Europe/Berlin] getFeed returning 5 posts
[17-Nov-2025 17:58:17 Europe/Berlin] getFeed called - limit: 50, beforeTimestamp: 9223372036854775807, currentUserId: user_69188f6b8e6ee7.38166017
[17-Nov-2025 17:58:17 Europe/Berlin] getFeed returning 5 posts
[17-Nov-2025 18:44:26 Europe/Berlin] getFeed called - limit: 50, beforeTimestamp: 9223372036854775807, currentUserId: user_69188014c150b4.97028408
[17-Nov-2025 18:44:26 Europe/Berlin] getFeed called - limit: 50, beforeTimestamp: 9223372036854775807, currentUserId: user_69188014c150b4.97028408
[17-Nov-2025 18:44:26 Europe/Berlin] getFeed returning 5 posts
[17-Nov-2025 18:44:26 Europe/Berlin] getFeed returning 5 posts
[17-Nov-2025 18:44:33 Europe/Berlin] Search query: dan, limit: 200, currentUserId: user_69188014c150b4.97028408
[17-Nov-2025 18:44:33 Europe/Berlin] Search found 2 users
[17-Nov-2025 18:44:55 Europe/Berlin] getFeed called - limit: 50, beforeTimestamp: 9223372036854775807, currentUserId: user_69188014c150b4.97028408
[17-Nov-2025 18:44:55 Europe/Berlin] getFeed returning 5 posts
[17-Nov-2025 18:45:15 Europe/Berlin] Search query: iq, limit: 200, currentUserId: user_69188014c150b4.97028408
[17-Nov-2025 18:45:15 Europe/Berlin] Search found 0 users
[17-Nov-2025 18:45:21 Europe/Berlin] Search query: ham, limit: 200, currentUserId: user_69188014c150b4.97028408
[17-Nov-2025 18:45:21 Europe/Berlin] Search found 0 users
[17-Nov-2025 18:46:30 Europe/Berlin] getFeed called - limit: 50, beforeTimestamp: 9223372036854775807, currentUserId: user_69188014c150b4.97028408
[17-Nov-2025 18:46:30 Europe/Berlin] getFeed returning 5 posts
[17-Nov-2025 18:46:31 Europe/Berlin] getFeed called - limit: 50, beforeTimestamp: 9223372036854775807, currentUserId: user_69188014c150b4.97028408
[17-Nov-2025 18:46:31 Europe/Berlin] getFeed returning 5 posts
[17-Nov-2025 18:46:39 Europe/Berlin] getFeed called - limit: 50, beforeTimestamp: 9223372036854775807, currentUserId: user_69188014c150b4.97028408
[17-Nov-2025 18:46:39 Europe/Berlin] getFeed returning 5 posts
[17-Nov-2025 18:46:45 Europe/Berlin] getFeed called - limit: 50, beforeTimestamp: 9223372036854775807, currentUserId: user_69188014c150b4.97028408
[17-Nov-2025 18:46:45 Europe/Berlin] getFeed returning 5 posts
[17-Nov-2025 18:46:54 Europe/Berlin] getFeed called - limit: 50, beforeTimestamp: 9223372036854775807, currentUserId: user_69188014c150b4.97028408
[17-Nov-2025 18:46:54 Europe/Berlin] getFeed returning 5 posts
[17-Nov-2025 18:47:13 Europe/Berlin] getFeed called - limit: 50, beforeTimestamp: 9223372036854775807, currentUserId: user_69188014c150b4.97028408
[17-Nov-2025 18:47:13 Europe/Berlin] getFeed returning 5 posts
[17-Nov-2025 18:47:20 Europe/Berlin] getFeed called - limit: 50, beforeTimestamp: 9223372036854775807, currentUserId: user_69188014c150b4.97028408
[17-Nov-2025 18:47:20 Europe/Berlin] getFeed returning 5 posts
[17-Nov-2025 18:47:30 Europe/Berlin] getFeed called - limit: 50, beforeTimestamp: 9223372036854775807, currentUserId: user_69188014c150b4.97028408
[17-Nov-2025 18:47:30 Europe/Berlin] getFeed called - limit: 50, beforeTimestamp: 9223372036854775807, currentUserId: user_69188014c150b4.97028408
[17-Nov-2025 18:47:30 Europe/Berlin] getFeed returning 5 posts
[17-Nov-2025 18:47:30 Europe/Berlin] getFeed returning 5 posts
[17-Nov-2025 18:47:46 Europe/Berlin] getFeed called - limit: 50, beforeTimestamp: 9223372036854775807, currentUserId: user_69188014c150b4.97028408
[17-Nov-2025 18:47:46 Europe/Berlin] getFeed returning 5 posts
[17-Nov-2025 18:47:53 Europe/Berlin] getFeed called - limit: 50, beforeTimestamp: 9223372036854775807, currentUserId: user_69188014c150b4.97028408
[17-Nov-2025 18:47:53 Europe/Berlin] getFeed returning 5 posts
[17-Nov-2025 18:57:42 Europe/Berlin] getFeed called - limit: 50, beforeTimestamp: 9223372036854775807, currentUserId: user_69188014c150b4.97028408
[17-Nov-2025 18:57:42 Europe/Berlin] getFeed called - limit: 50, beforeTimestamp: 9223372036854775807, currentUserId: user_69188014c150b4.97028408
[17-Nov-2025 18:57:42 Europe/Berlin] getFeed returning 5 posts
[17-Nov-2025 18:57:42 Europe/Berlin] getFeed returning 5 posts
[17-Nov-2025 18:57:48 Europe/Berlin] Search query: Iqrash454, limit: 1, currentUserId: user_69188014c150b4.97028408
[17-Nov-2025 18:57:48 Europe/Berlin] Search found 0 users
[17-Nov-2025 18:57:48 Europe/Berlin] Search query: dani567, limit: 1, currentUserId: user_69188014c150b4.97028408
[17-Nov-2025 18:57:48 Europe/Berlin] Search found 1 users
[17-Nov-2025 18:57:48 Europe/Berlin] Search query: dani72000, limit: 1, currentUserId: user_69188014c150b4.97028408
[17-Nov-2025 18:57:48 Europe/Berlin] Search found 1 users
[17-Nov-2025 18:57:48 Europe/Berlin] Search query: dani804, limit: 1, currentUserId: user_69188014c150b4.97028408
[17-Nov-2025 18:57:48 Europe/Berlin] Search found 0 users
[17-Nov-2025 18:57:52 Europe/Berlin] Search query: dani567, limit: 1, currentUserId: user_69188014c150b4.97028408
[17-Nov-2025 18:57:52 Europe/Berlin] Search found 1 users
[17-Nov-2025 18:57:52 Europe/Berlin] Search query: dani567, limit: 1, currentUserId: user_69188014c150b4.97028408
[17-Nov-2025 18:57:52 Europe/Berlin] Search found 1 users
[17-Nov-2025 18:57:52 Europe/Berlin] Search query: dani72000, limit: 1, currentUserId: user_69188014c150b4.97028408
[17-Nov-2025 18:57:52 Europe/Berlin] Search found 1 users
[17-Nov-2025 18:57:52 Europe/Berlin] Search query: dani72000, limit: 1, currentUserId: user_69188014c150b4.97028408
[17-Nov-2025 18:57:52 Europe/Berlin] Search found 1 users
[17-Nov-2025 18:57:59 Europe/Berlin] Search query: d, limit: 200, currentUserId: user_69188014c150b4.97028408
[17-Nov-2025 18:57:59 Europe/Berlin] Search found 2 users
[17-Nov-2025 18:57:59 Europe/Berlin] Search query: dan, limit: 200, currentUserId: user_69188014c150b4.97028408
[17-Nov-2025 18:57:59 Europe/Berlin] Search found 2 users
[17-Nov-2025 18:58:00 Europe/Berlin] Search query: dani, limit: 200, currentUserId: user_69188014c150b4.97028408
[17-Nov-2025 18:58:00 Europe/Berlin] Search found 2 users
[17-Nov-2025 18:58:01 Europe/Berlin] Search query: dani567, limit: 1, currentUserId: user_69188014c150b4.97028408
[17-Nov-2025 18:58:01 Europe/Berlin] Search found 1 users
[17-Nov-2025 18:58:01 Europe/Berlin] Search query: dani72000, limit: 1, currentUserId: user_69188014c150b4.97028408
[17-Nov-2025 18:58:01 Europe/Berlin] Search found 1 users
[17-Nov-2025 18:58:03 Europe/Berlin] getFeed called - limit: 50, beforeTimestamp: 9223372036854775807, currentUserId: user_69188014c150b4.97028408
[17-Nov-2025 18:58:03 Europe/Berlin] getFeed returning 5 posts
[17-Nov-2025 18:58:13 Europe/Berlin] getFeed called - limit: 50, beforeTimestamp: 9223372036854775807, currentUserId: user_69188014c150b4.97028408
[17-Nov-2025 18:58:13 Europe/Berlin] getFeed called - limit: 50, beforeTimestamp: 9223372036854775807, currentUserId: user_69188014c150b4.97028408
[17-Nov-2025 18:58:13 Europe/Berlin] getFeed returning 5 posts
[17-Nov-2025 18:58:13 Europe/Berlin] getFeed returning 5 posts
[17-Nov-2025 18:58:16 Europe/Berlin] Search query: dani567, limit: 1, currentUserId: user_69188014c150b4.97028408
[17-Nov-2025 18:58:16 Europe/Berlin] Search found 1 users
[17-Nov-2025 18:58:16 Europe/Berlin] Search query: dani72000, limit: 1, currentUserId: user_69188014c150b4.97028408
[17-Nov-2025 18:58:16 Europe/Berlin] Search found 1 users
[17-Nov-2025 18:58:21 Europe/Berlin] getFeed called - limit: 50, beforeTimestamp: 9223372036854775807, currentUserId: user_69188014c150b4.97028408
[17-Nov-2025 18:58:21 Europe/Berlin] getFeed returning 5 posts
[17-Nov-2025 18:58:26 Europe/Berlin] getFeed called - limit: 50, beforeTimestamp: 9223372036854775807, currentUserId: user_69188014c150b4.97028408
[17-Nov-2025 18:58:26 Europe/Berlin] getFeed returning 5 posts
[17-Nov-2025 18:58:33 Europe/Berlin] getFeed called - limit: 50, beforeTimestamp: 9223372036854775807, currentUserId: user_69188014c150b4.97028408
[17-Nov-2025 18:58:33 Europe/Berlin] getFeed called - limit: 50, beforeTimestamp: 9223372036854775807, currentUserId: user_69188014c150b4.97028408
[17-Nov-2025 18:58:33 Europe/Berlin] getFeed returning 5 posts
[17-Nov-2025 18:58:33 Europe/Berlin] getFeed returning 5 posts
[17-Nov-2025 18:58:39 Europe/Berlin] getFeed called - limit: 50, beforeTimestamp: 9223372036854775807, currentUserId: user_69188014c150b4.97028408
[17-Nov-2025 18:58:39 Europe/Berlin] getFeed returning 5 posts
[17-Nov-2025 18:59:40 Europe/Berlin] PHP Fatal error:  Uncaught Error: mysqli_stmt::bind_param(): Argument #6 cannot be passed by reference in C:\xampp\htdocs\backend\api\auth.php:101
Stack trace:
#0 {main}
  thrown in C:\xampp\htdocs\backend\api\auth.php on line 101
[17-Nov-2025 19:00:06 Europe/Berlin] getFeed called - limit: 50, beforeTimestamp: 9223372036854775807, currentUserId: user_69188014c150b4.97028408
[17-Nov-2025 19:00:06 Europe/Berlin] getFeed called - limit: 50, beforeTimestamp: 9223372036854775807, currentUserId: user_69188014c150b4.97028408
[17-Nov-2025 19:00:06 Europe/Berlin] getFeed returning 5 posts
[17-Nov-2025 19:00:06 Europe/Berlin] getFeed returning 5 posts
[17-Nov-2025 19:06:20 Europe/Berlin] getFeed called - limit: 50, beforeTimestamp: 9223372036854775807, currentUserId: user_69188014c150b4.97028408
[17-Nov-2025 19:06:20 Europe/Berlin] getFeed called - limit: 50, beforeTimestamp: 9223372036854775807, currentUserId: user_69188014c150b4.97028408
[17-Nov-2025 19:06:20 Europe/Berlin] getFeed returning 5 posts
[17-Nov-2025 19:06:20 Europe/Berlin] getFeed returning 5 posts
[17-Nov-2025 19:07:07 Europe/Berlin] PHP Fatal error:  Uncaught Error: mysqli_stmt::bind_param(): Argument #6 cannot be passed by reference in C:\xampp\htdocs\backend\api\auth.php:101
Stack trace:
#0 {main}
  thrown in C:\xampp\htdocs\backend\api\auth.php on line 101
[17-Nov-2025 19:18:15 Europe/Berlin] getFeed called - limit: 50, beforeTimestamp: 9223372036854775807, currentUserId: user_69188014c150b4.97028408
[17-Nov-2025 19:18:15 Europe/Berlin] getFeed called - limit: 50, beforeTimestamp: 9223372036854775807, currentUserId: user_69188014c150b4.97028408
[17-Nov-2025 19:18:15 Europe/Berlin] getFeed returning 5 posts
[17-Nov-2025 19:18:15 Europe/Berlin] getFeed returning 5 posts
[17-Nov-2025 19:18:19 Europe/Berlin] Search query: dani567, limit: 1, currentUserId: user_69188014c150b4.97028408
[17-Nov-2025 19:18:19 Europe/Berlin] Search found 1 users
[17-Nov-2025 19:18:19 Europe/Berlin] Search query: dani72000, limit: 1, currentUserId: user_69188014c150b4.97028408
[17-Nov-2025 19:18:19 Europe/Berlin] Search found 1 users
[17-Nov-2025 19:18:21 Europe/Berlin] getFeed called - limit: 50, beforeTimestamp: 9223372036854775807, currentUserId: user_69188014c150b4.97028408
[17-Nov-2025 19:18:21 Europe/Berlin] getFeed returning 5 posts
[17-Nov-2025 19:19:16 Europe/Berlin] PHP Fatal error:  Uncaught Error: mysqli_stmt::bind_param(): Argument #6 cannot be passed by reference in C:\xampp\htdocs\backend\api\auth.php:107
Stack trace:
#0 {main}
  thrown in C:\xampp\htdocs\backend\api\auth.php on line 107
[17-Nov-2025 19:24:38 Europe/Berlin] getFeed called - limit: 50, beforeTimestamp: 9223372036854775807, currentUserId: user_69188014c150b4.97028408
[17-Nov-2025 19:24:38 Europe/Berlin] getFeed called - limit: 50, beforeTimestamp: 9223372036854775807, currentUserId: user_69188014c150b4.97028408
[17-Nov-2025 19:24:39 Europe/Berlin] getFeed returning 5 posts
[17-Nov-2025 19:24:39 Europe/Berlin] getFeed returning 5 posts
[17-Nov-2025 19:24:46 Europe/Berlin] getFeed called - limit: 50, beforeTimestamp: 9223372036854775807, currentUserId: user_69188014c150b4.97028408
[17-Nov-2025 19:24:46 Europe/Berlin] getFeed returning 5 posts
[17-Nov-2025 19:24:51 Europe/Berlin] getFeed called - limit: 50, beforeTimestamp: 9223372036854775807, currentUserId: user_69188014c150b4.97028408
[17-Nov-2025 19:24:51 Europe/Berlin] getFeed returning 5 posts
[17-Nov-2025 19:25:10 Europe/Berlin] getFeed called - limit: 50, beforeTimestamp: 9223372036854775807, currentUserId: user_69188f6b8e6ee7.38166017
[17-Nov-2025 19:25:10 Europe/Berlin] getFeed called - limit: 50, beforeTimestamp: 9223372036854775807, currentUserId: user_69188f6b8e6ee7.38166017
[17-Nov-2025 19:25:10 Europe/Berlin] getFeed returning 5 posts
[17-Nov-2025 19:25:10 Europe/Berlin] getFeed returning 5 posts
[17-Nov-2025 19:25:22 Europe/Berlin] getFeed called - limit: 50, beforeTimestamp: 9223372036854775807, currentUserId: user_69188f6b8e6ee7.38166017
[17-Nov-2025 19:25:22 Europe/Berlin] getFeed called - limit: 50, beforeTimestamp: 9223372036854775807, currentUserId: user_69188f6b8e6ee7.38166017
[17-Nov-2025 19:25:23 Europe/Berlin] getFeed returning 5 posts
[17-Nov-2025 19:25:23 Europe/Berlin] getFeed returning 5 posts
[17-Nov-2025 19:26:21 Europe/Berlin] PHP Fatal error:  Uncaught Error: mysqli_stmt::bind_param(): Argument #6 cannot be passed by reference in C:\xampp\htdocs\backend\api\auth.php:119
Stack trace:
#0 {main}
  thrown in C:\xampp\htdocs\backend\api\auth.php on line 119
[17-Nov-2025 19:37:01 Europe/Berlin] getFeed called - limit: 50, beforeTimestamp: 9223372036854775807, currentUserId: user_69188f6b8e6ee7.38166017
[17-Nov-2025 19:37:01 Europe/Berlin] getFeed called - limit: 50, beforeTimestamp: 9223372036854775807, currentUserId: user_69188f6b8e6ee7.38166017
[17-Nov-2025 19:37:02 Europe/Berlin] getFeed returning 5 posts
[17-Nov-2025 19:37:02 Europe/Berlin] getFeed returning 5 posts
[17-Nov-2025 19:37:46 Europe/Berlin] PHP Fatal error:  Uncaught Error: mysqli_stmt::bind_param(): Argument #6 cannot be passed by reference in C:\xampp\htdocs\backend\api\auth.php:119
Stack trace:
#0 {main}
  thrown in C:\xampp\htdocs\backend\api\auth.php on line 119
[17-Nov-2025 19:40:09 Europe/Berlin] getFeed called - limit: 50, beforeTimestamp: 9223372036854775807, currentUserId: user_69188f6b8e6ee7.38166017
[17-Nov-2025 19:40:09 Europe/Berlin] getFeed called - limit: 50, beforeTimestamp: 9223372036854775807, currentUserId: user_69188f6b8e6ee7.38166017
[17-Nov-2025 19:40:09 Europe/Berlin] getFeed returning 5 posts
[17-Nov-2025 19:40:09 Europe/Berlin] getFeed returning 5 posts
[17-Nov-2025 19:42:42 Europe/Berlin] Search query: dani567, limit: 1, currentUserId: user_69188f6b8e6ee7.38166017
[17-Nov-2025 19:42:42 Europe/Berlin] Search found 0 users
[17-Nov-2025 19:42:42 Europe/Berlin] Search query: dani72000, limit: 1, currentUserId: user_69188f6b8e6ee7.38166017
[17-Nov-2025 19:42:42 Europe/Berlin] Search found 1 users
[17-Nov-2025 19:42:46 Europe/Berlin] Search query: dan, limit: 200, currentUserId: user_69188f6b8e6ee7.38166017
[17-Nov-2025 19:42:46 Europe/Berlin] Search found 2 users
[17-Nov-2025 19:42:48 Europe/Berlin] Search query: dani72000, limit: 1, currentUserId: user_69188f6b8e6ee7.38166017
[17-Nov-2025 19:42:48 Europe/Berlin] Search found 1 users
[17-Nov-2025 19:42:50 Europe/Berlin] getFeed called - limit: 50, beforeTimestamp: 9223372036854775807, currentUserId: user_69188f6b8e6ee7.38166017
[17-Nov-2025 19:42:50 Europe/Berlin] getFeed returning 5 posts
[17-Nov-2025 19:42:56 Europe/Berlin] Search query: dani72000, limit: 1, currentUserId: user_69188f6b8e6ee7.38166017
[17-Nov-2025 19:42:56 Europe/Berlin] Search found 1 users
[17-Nov-2025 19:42:58 Europe/Berlin] Search query: d, limit: 200, currentUserId: user_69188f6b8e6ee7.38166017
[17-Nov-2025 19:42:58 Europe/Berlin] Search found 2 users
[17-Nov-2025 19:43:05 Europe/Berlin] getFeed called - limit: 50, beforeTimestamp: 9223372036854775807, currentUserId: user_69188f6b8e6ee7.38166017
[17-Nov-2025 19:43:05 Europe/Berlin] getFeed returning 5 posts
[17-Nov-2025 19:43:12 Europe/Berlin] getFeed called - limit: 50, beforeTimestamp: 9223372036854775807, currentUserId: user_69188f6b8e6ee7.38166017
[17-Nov-2025 19:43:12 Europe/Berlin] getFeed returning 5 posts
[17-Nov-2025 19:43:24 Europe/Berlin] getFeed called - limit: 50, beforeTimestamp: 9223372036854775807, currentUserId: user_69188f6b8e6ee7.38166017
[17-Nov-2025 19:43:25 Europe/Berlin] getFeed returning 5 posts
[17-Nov-2025 19:55:16 Europe/Berlin] getFeed called - limit: 50, beforeTimestamp: 9223372036854775807, currentUserId: user_69188f6b8e6ee7.38166017
[17-Nov-2025 19:55:16 Europe/Berlin] getFeed called - limit: 50, beforeTimestamp: 9223372036854775807, currentUserId: user_69188f6b8e6ee7.38166017
[17-Nov-2025 19:55:16 Europe/Berlin] getFeed returning 5 posts
[17-Nov-2025 19:55:16 Europe/Berlin] getFeed returning 5 posts
[17-Nov-2025 19:56:59 Europe/Berlin] getFeed called - limit: 50, beforeTimestamp: 9223372036854775807, currentUserId: user_69188f6b8e6ee7.38166017
[17-Nov-2025 19:56:59 Europe/Berlin] getFeed called - limit: 50, beforeTimestamp: 9223372036854775807, currentUserId: user_69188f6b8e6ee7.38166017
[17-Nov-2025 19:56:59 Europe/Berlin] getFeed returning 5 posts
[17-Nov-2025 19:56:59 Europe/Berlin] getFeed returning 5 posts
[17-Nov-2025 19:57:03 Europe/Berlin] getFeed called - limit: 50, beforeTimestamp: 9223372036854775807, currentUserId: user_69188f6b8e6ee7.38166017
[17-Nov-2025 19:57:03 Europe/Berlin] getFeed returning 5 posts
[17-Nov-2025 19:57:05 Europe/Berlin] Search query: dani720, limit: 1, currentUserId: user_69188f6b8e6ee7.38166017
[17-Nov-2025 19:57:05 Europe/Berlin] Search found 1 users
[17-Nov-2025 19:57:05 Europe/Berlin] Search query: dani72000, limit: 1, currentUserId: user_69188f6b8e6ee7.38166017
[17-Nov-2025 19:57:05 Europe/Berlin] Search found 1 users
[17-Nov-2025 19:57:09 Europe/Berlin] getFeed called - limit: 50, beforeTimestamp: 9223372036854775807, currentUserId: user_69188f6b8e6ee7.38166017
[17-Nov-2025 19:57:10 Europe/Berlin] getFeed returning 5 posts
[17-Nov-2025 19:57:18 Europe/Berlin] getFeed called - limit: 50, beforeTimestamp: 9223372036854775807, currentUserId: user_69188f6b8e6ee7.38166017
[17-Nov-2025 19:57:19 Europe/Berlin] getFeed returning 5 posts
[17-Nov-2025 19:58:05 Europe/Berlin] PHP Fatal error:  Uncaught Error: mysqli_stmt::bind_param(): Argument #6 cannot be passed by reference in C:\xampp\htdocs\backend\api\auth.php:130
Stack trace:
#0 {main}
  thrown in C:\xampp\htdocs\backend\api\auth.php on line 130
[17-Nov-2025 20:01:43 Europe/Berlin] getFeed called - limit: 50, beforeTimestamp: 9223372036854775807, currentUserId: user_69188f6b8e6ee7.38166017
[17-Nov-2025 20:01:43 Europe/Berlin] getFeed called - limit: 50, beforeTimestamp: 9223372036854775807, currentUserId: user_69188f6b8e6ee7.38166017
[17-Nov-2025 20:01:43 Europe/Berlin] getFeed returning 5 posts
[17-Nov-2025 20:01:43 Europe/Berlin] getFeed returning 5 posts
[17-Nov-2025 20:02:14 Europe/Berlin] getFeed called - limit: 50, beforeTimestamp: 9223372036854775807, currentUserId: user_69188f6b8e6ee7.38166017
[17-Nov-2025 20:02:14 Europe/Berlin] getFeed called - limit: 50, beforeTimestamp: 9223372036854775807, currentUserId: user_69188f6b8e6ee7.38166017
[17-Nov-2025 20:02:14 Europe/Berlin] getFeed returning 6 posts
[17-Nov-2025 20:02:14 Europe/Berlin] getFeed returning 6 posts
[17-Nov-2025 20:03:05 Europe/Berlin] === SIGNUP REQUEST RECEIVED ===
[17-Nov-2025 20:03:05 Europe/Berlin] Data: {"dob":"16-01-2004","email":"hammadshabbir09@gmail.com","firstName":"Hammad","lastName":"Shabbir","password":"Root@pass1","profilePicUrl":"http:\/\/192.168.18.55\/backend\/uploads\/temp_1763406186689_1763406185.jpg","username":"maddy"}
[17-Nov-2025 20:03:05 Europe/Berlin] Checking if email exists: hammadshabbir09@gmail.com
[17-Nov-2025 20:03:05 Europe/Berlin] Creating user with ID: user_691b7169d309a7.82366835, username: maddy
[17-Nov-2025 20:03:05 Europe/Berlin] PHP Fatal error:  Uncaught Error: mysqli_stmt::bind_param(): Argument #6 cannot be passed by reference in C:\xampp\htdocs\backend\api\auth.php:149
Stack trace:
#0 {main}
  thrown in C:\xampp\htdocs\backend\api\auth.php on line 149
[17-Nov-2025 20:06:06 Europe/Berlin] === SIGNUP REQUEST RECEIVED ===
[17-Nov-2025 20:06:06 Europe/Berlin] Data: {"dob":"16-01-2004","email":"hammadshabbir09@gmail.com","firstName":"Hammad","lastName":"Shabbir","password":"Root@pass1","profilePicUrl":"http:\/\/192.168.18.55\/backend\/uploads\/temp_1763406367580_1763406366.jpg","username":"maddy"}
[17-Nov-2025 20:06:06 Europe/Berlin] Checking if email exists: hammadshabbir09@gmail.com
[17-Nov-2025 20:06:06 Europe/Berlin] Creating user with ID: user_691b721ecd71c1.39659040, username: maddy
[17-Nov-2025 20:06:06 Europe/Berlin] PHP Fatal error:  Uncaught Error: mysqli_stmt::bind_param(): Argument #6 cannot be passed by reference in C:\xampp\htdocs\backend\api\auth.php:149
Stack trace:
#0 {main}
  thrown in C:\xampp\htdocs\backend\api\auth.php on line 149
[17-Nov-2025 20:10:14 Europe/Berlin] PHP Parse error:  syntax error, unexpected token ";", expecting ")" in C:\xampp\htdocs\backend\api\auth.php on line 201
[17-Nov-2025 20:10:14 Europe/Berlin] PHP Parse error:  syntax error, unexpected token ";", expecting ")" in C:\xampp\htdocs\backend\api\auth.php on line 201
[17-Nov-2025 20:16:46 Europe/Berlin] getFeed called - limit: 50, beforeTimestamp: 9223372036854775807, currentUserId: user_69188f6b8e6ee7.38166017
[17-Nov-2025 20:16:46 Europe/Berlin] getFeed called - limit: 50, beforeTimestamp: 9223372036854775807, currentUserId: user_69188f6b8e6ee7.38166017
[17-Nov-2025 20:16:46 Europe/Berlin] getFeed returning 6 posts
[17-Nov-2025 20:16:46 Europe/Berlin] getFeed returning 6 posts
[17-Nov-2025 20:17:29 Europe/Berlin] PHP Fatal error:  Uncaught Error: mysqli_stmt::bind_param(): Argument #6 cannot be passed by reference in C:\xampp\htdocs\backend\api\auth.php:119
Stack trace:
#0 {main}
  thrown in C:\xampp\htdocs\backend\api\auth.php on line 119
[17-Nov-2025 20:19:15 Europe/Berlin] PHP Parse error:  Unmatched '}' in C:\xampp\htdocs\backend\api\auth.php on line 191
[17-Nov-2025 20:19:15 Europe/Berlin] PHP Parse error:  Unmatched '}' in C:\xampp\htdocs\backend\api\auth.php on line 191
[17-Nov-2025 20:19:27 Europe/Berlin] PHP Parse error:  Unmatched '}' in C:\xampp\htdocs\backend\api\auth.php on line 191
[17-Nov-2025 20:19:29 Europe/Berlin] PHP Parse error:  Unmatched '}' in C:\xampp\htdocs\backend\api\auth.php on line 191
[17-Nov-2025 20:19:32 Europe/Berlin] PHP Parse error:  Unmatched '}' in C:\xampp\htdocs\backend\api\auth.php on line 191
[17-Nov-2025 20:19:32 Europe/Berlin] PHP Parse error:  Unmatched '}' in C:\xampp\htdocs\backend\api\auth.php on line 191
[17-Nov-2025 20:19:34 Europe/Berlin] PHP Parse error:  Unmatched '}' in C:\xampp\htdocs\backend\api\auth.php on line 191
[17-Nov-2025 20:19:35 Europe/Berlin] PHP Parse error:  Unmatched '}' in C:\xampp\htdocs\backend\api\auth.php on line 191
[17-Nov-2025 20:19:36 Europe/Berlin] PHP Parse error:  Unmatched '}' in C:\xampp\htdocs\backend\api\auth.php on line 191
[17-Nov-2025 20:19:36 Europe/Berlin] PHP Parse error:  Unmatched '}' in C:\xampp\htdocs\backend\api\auth.php on line 191
[17-Nov-2025 20:19:38 Europe/Berlin] PHP Parse error:  Unmatched '}' in C:\xampp\htdocs\backend\api\auth.php on line 191
[17-Nov-2025 20:19:41 Europe/Berlin] PHP Parse error:  Unmatched '}' in C:\xampp\htdocs\backend\api\auth.php on line 191
[17-Nov-2025 20:19:43 Europe/Berlin] PHP Parse error:  Unmatched '}' in C:\xampp\htdocs\backend\api\auth.php on line 191
[17-Nov-2025 20:19:47 Europe/Berlin] PHP Parse error:  Unmatched '}' in C:\xampp\htdocs\backend\api\auth.php on line 191
[17-Nov-2025 20:19:53 Europe/Berlin] PHP Parse error:  Unmatched '}' in C:\xampp\htdocs\backend\api\auth.php on line 191
[17-Nov-2025 20:19:55 Europe/Berlin] PHP Parse error:  Unmatched '}' in C:\xampp\htdocs\backend\api\auth.php on line 191
[17-Nov-2025 20:21:20 Europe/Berlin] getFeed called - limit: 50, beforeTimestamp: 9223372036854775807, currentUserId: user_69188f6b8e6ee7.38166017
[17-Nov-2025 20:21:20 Europe/Berlin] getFeed returning 6 posts
[17-Nov-2025 20:21:31 Europe/Berlin] getFeed called - limit: 50, beforeTimestamp: 9223372036854775807, currentUserId: user_69188f6b8e6ee7.38166017
[17-Nov-2025 20:21:31 Europe/Berlin] getFeed called - limit: 50, beforeTimestamp: 9223372036854775807, currentUserId: user_69188f6b8e6ee7.38166017
[17-Nov-2025 20:21:31 Europe/Berlin] getFeed returning 6 posts
[17-Nov-2025 20:21:31 Europe/Berlin] getFeed returning 6 posts
[17-Nov-2025 20:21:40 Europe/Berlin] getFeed called - limit: 50, beforeTimestamp: 9223372036854775807, currentUserId: user_69188f6b8e6ee7.38166017
[17-Nov-2025 20:21:40 Europe/Berlin] getFeed returning 6 posts
[17-Nov-2025 20:45:03 Europe/Berlin] PHP Parse error:  Unmatched '}' in C:\xampp\htdocs\backend\api\auth.php on line 191
[17-Nov-2025 20:45:03 Europe/Berlin] PHP Parse error:  Unmatched '}' in C:\xampp\htdocs\backend\api\auth.php on line 191
[17-Nov-2025 20:47:18 Europe/Berlin] getFeed called - limit: 50, beforeTimestamp: 9223372036854775807, currentUserId: user_69188f6b8e6ee7.38166017
[17-Nov-2025 20:47:18 Europe/Berlin] getFeed returning 6 posts
[17-Nov-2025 20:47:29 Europe/Berlin] getFeed called - limit: 50, beforeTimestamp: 9223372036854775807, currentUserId: user_69188f6b8e6ee7.38166017
[17-Nov-2025 20:47:29 Europe/Berlin] getFeed called - limit: 50, beforeTimestamp: 9223372036854775807, currentUserId: user_69188f6b8e6ee7.38166017
[17-Nov-2025 20:47:29 Europe/Berlin] getFeed returning 6 posts
[17-Nov-2025 20:47:29 Europe/Berlin] getFeed returning 6 posts
[17-Nov-2025 20:47:52 Europe/Berlin] getFeed called - limit: 50, beforeTimestamp: 9223372036854775807, currentUserId: user_69188f6b8e6ee7.38166017
[17-Nov-2025 20:47:52 Europe/Berlin] getFeed returning 6 posts
[17-Nov-2025 20:47:57 Europe/Berlin] Search query: dani72000, limit: 1, currentUserId: user_69188f6b8e6ee7.38166017
[17-Nov-2025 20:47:57 Europe/Berlin] Search found 1 users
[17-Nov-2025 20:47:57 Europe/Berlin] Search query: dani720, limit: 1, currentUserId: user_69188f6b8e6ee7.38166017
[17-Nov-2025 20:47:57 Europe/Berlin] Search found 1 users
[17-Nov-2025 20:48:00 Europe/Berlin] Search query: d, limit: 200, currentUserId: user_69188f6b8e6ee7.38166017
[17-Nov-2025 20:48:00 Europe/Berlin] Search found 2 users
[17-Nov-2025 20:48:00 Europe/Berlin] Search query: da, limit: 200, currentUserId: user_69188f6b8e6ee7.38166017
[17-Nov-2025 20:48:00 Europe/Berlin] Search found 2 users
[17-Nov-2025 20:48:01 Europe/Berlin] Search query: dan, limit: 200, currentUserId: user_69188f6b8e6ee7.38166017
[17-Nov-2025 20:48:01 Europe/Berlin] Search found 2 users
[17-Nov-2025 20:48:02 Europe/Berlin] Search query: dani, limit: 200, currentUserId: user_69188f6b8e6ee7.38166017
[17-Nov-2025 20:48:02 Europe/Berlin] Search found 2 users
[17-Nov-2025 20:48:04 Europe/Berlin] Search query: daniya, limit: 200, currentUserId: user_69188f6b8e6ee7.38166017
[17-Nov-2025 20:48:04 Europe/Berlin] Search found 2 users
[17-Nov-2025 20:48:04 Europe/Berlin] Search query: daniyal, limit: 200, currentUserId: user_69188f6b8e6ee7.38166017
[17-Nov-2025 20:48:04 Europe/Berlin] Search found 2 users
[17-Nov-2025 20:48:06 Europe/Berlin] Search query: Daniyal, limit: 200, currentUserId: user_69188f6b8e6ee7.38166017
[17-Nov-2025 20:48:06 Europe/Berlin] Search found 2 users
[17-Nov-2025 20:48:07 Europe/Berlin] Search query: Daniyal ha, limit: 200, currentUserId: user_69188f6b8e6ee7.38166017
[17-Nov-2025 20:48:07 Europe/Berlin] Search found 0 users
[17-Nov-2025 20:48:08 Europe/Berlin] Search query: Daniyal, limit: 200, currentUserId: user_69188f6b8e6ee7.38166017
[17-Nov-2025 20:48:08 Europe/Berlin] Search found 2 users
[17-Nov-2025 20:48:09 Europe/Berlin] Search query: Daniya, limit: 200, currentUserId: user_69188f6b8e6ee7.38166017
[17-Nov-2025 20:48:09 Europe/Berlin] Search found 2 users
[17-Nov-2025 20:48:10 Europe/Berlin] Search query: Daniyal, limit: 200, currentUserId: user_69188f6b8e6ee7.38166017
[17-Nov-2025 20:48:10 Europe/Berlin] Search found 2 users
[17-Nov-2025 20:48:10 Europe/Berlin] Search query: dani72000, limit: 1, currentUserId: user_69188f6b8e6ee7.38166017
[17-Nov-2025 20:48:10 Europe/Berlin] Search found 1 users
[17-Nov-2025 20:48:10 Europe/Berlin] Search query: dani720, limit: 1, currentUserId: user_69188f6b8e6ee7.38166017
[17-Nov-2025 20:48:10 Europe/Berlin] Search found 1 users
[17-Nov-2025 20:48:11 Europe/Berlin] getFeed called - limit: 50, beforeTimestamp: 9223372036854775807, currentUserId: user_69188f6b8e6ee7.38166017
[17-Nov-2025 20:48:11 Europe/Berlin] getFeed returning 6 posts
[17-Nov-2025 20:48:20 Europe/Berlin] getFeed called - limit: 50, beforeTimestamp: 9223372036854775807, currentUserId: user_69188f6b8e6ee7.38166017
[17-Nov-2025 20:48:20 Europe/Berlin] getFeed returning 6 posts
[17-Nov-2025 20:48:47 Europe/Berlin] PHP Fatal error:  Uncaught Error: mysqli_stmt::bind_param(): Argument #6 cannot be passed by reference in C:\xampp\htdocs\backend\api\auth.php:101
Stack trace:
#0 {main}
  thrown in C:\xampp\htdocs\backend\api\auth.php on line 101
[17-Nov-2025 20:48:53 Europe/Berlin] getFeed called - limit: 50, beforeTimestamp: 9223372036854775807, currentUserId: user_69188f6b8e6ee7.38166017
[17-Nov-2025 20:48:53 Europe/Berlin] getFeed returning 6 posts
[17-Nov-2025 20:48:58 Europe/Berlin] getFeed called - limit: 50, beforeTimestamp: 9223372036854775807, currentUserId: user_69188f6b8e6ee7.38166017
[17-Nov-2025 20:48:58 Europe/Berlin] getFeed returning 6 posts
[17-Nov-2025 20:49:02 Europe/Berlin] getFeed called - limit: 50, beforeTimestamp: 9223372036854775807, currentUserId: user_69188f6b8e6ee7.38166017
[17-Nov-2025 20:49:02 Europe/Berlin] getFeed returning 6 posts
[17-Nov-2025 20:50:40 Europe/Berlin] getFeed called - limit: 50, beforeTimestamp: 9223372036854775807, currentUserId: user_69188f6b8e6ee7.38166017
[17-Nov-2025 20:50:40 Europe/Berlin] getFeed returning 6 posts
[17-Nov-2025 20:56:07 Europe/Berlin] PHP Fatal error:  Uncaught Error: Call to undefined function verifyJWT() in C:\xampp\htdocs\backend\api\posts.php:18
Stack trace:
#0 {main}
  thrown in C:\xampp\htdocs\backend\api\posts.php on line 18
[17-Nov-2025 20:56:07 Europe/Berlin] PHP Fatal error:  Uncaught Error: Call to undefined function verifyJWT() in C:\xampp\htdocs\backend\api\posts.php:18
Stack trace:
#0 {main}
  thrown in C:\xampp\htdocs\backend\api\posts.php on line 18
[17-Nov-2025 20:56:31 Europe/Berlin] PHP Warning:  require_once(/../config.php): Failed to open stream: No such file or directory in C:\xampp\htdocs\backend\api\auth.php on line 2
[17-Nov-2025 20:56:31 Europe/Berlin] PHP Fatal error:  Uncaught Error: Failed opening required '/../config.php' (include_path='C:\xampp\php\PEAR') in C:\xampp\htdocs\backend\api\auth.php:2
Stack trace:
#0 C:\xampp\htdocs\backend\api\posts.php(6): require_once()
#1 {main}
  thrown in C:\xampp\htdocs\backend\api\auth.php on line 2
[17-Nov-2025 20:56:46 Europe/Berlin] PHP Fatal error:  Uncaught Error: Call to undefined function verifyJWT() in C:\xampp\htdocs\backend\api\posts.php:18
Stack trace:
#0 {main}
  thrown in C:\xampp\htdocs\backend\api\posts.php on line 18
[17-Nov-2025 20:56:54 Europe/Berlin] PHP Warning:  require_once(/../config.php): Failed to open stream: No such file or directory in C:\xampp\htdocs\backend\api\auth.php on line 2
[17-Nov-2025 20:56:54 Europe/Berlin] PHP Fatal error:  Uncaught Error: Failed opening required '/../config.php' (include_path='C:\xampp\php\PEAR') in C:\xampp\htdocs\backend\api\auth.php:2
Stack trace:
#0 C:\xampp\htdocs\backend\api\posts.php(6): require_once()
#1 {main}
  thrown in C:\xampp\htdocs\backend\api\auth.php on line 2
[17-Nov-2025 20:57:00 Europe/Berlin] PHP Fatal error:  Cannot redeclare generateJWT() (previously declared in C:\xampp\htdocs\backend\api\auth.php:10) in C:\xampp\htdocs\backend\api\config.php on line 29
[17-Nov-2025 20:57:03 Europe/Berlin] PHP Warning:  require_once(/config.php): Failed to open stream: No such file or directory in C:\xampp\htdocs\backend\api\auth.php on line 2
[17-Nov-2025 20:57:03 Europe/Berlin] PHP Fatal error:  Uncaught Error: Failed opening required '/config.php' (include_path='C:\xampp\php\PEAR') in C:\xampp\htdocs\backend\api\auth.php:2
Stack trace:
#0 C:\xampp\htdocs\backend\api\posts.php(6): require_once()
#1 {main}
  thrown in C:\xampp\htdocs\backend\api\auth.php on line 2
[17-Nov-2025 20:57:04 Europe/Berlin] PHP Warning:  require_once(/config.php): Failed to open stream: No such file or directory in C:\xampp\htdocs\backend\api\auth.php on line 2
[17-Nov-2025 20:57:04 Europe/Berlin] PHP Fatal error:  Uncaught Error: Failed opening required '/config.php' (include_path='C:\xampp\php\PEAR') in C:\xampp\htdocs\backend\api\auth.php:2
Stack trace:
#0 C:\xampp\htdocs\backend\api\posts.php(6): require_once()
#1 {main}
  thrown in C:\xampp\htdocs\backend\api\auth.php on line 2
[17-Nov-2025 20:57:06 Europe/Berlin] PHP Warning:  require_once(/../config.php): Failed to open stream: No such file or directory in C:\xampp\htdocs\backend\api\auth.php on line 2
[17-Nov-2025 20:57:06 Europe/Berlin] PHP Fatal error:  Uncaught Error: Failed opening required '/../config.php' (include_path='C:\xampp\php\PEAR') in C:\xampp\htdocs\backend\api\auth.php:2
Stack trace:
#0 C:\xampp\htdocs\backend\api\posts.php(6): require_once()
#1 {main}
  thrown in C:\xampp\htdocs\backend\api\auth.php on line 2
[17-Nov-2025 20:57:07 Europe/Berlin] PHP Warning:  require_once(/../config.php): Failed to open stream: No such file or directory in C:\xampp\htdocs\backend\api\auth.php on line 2
[17-Nov-2025 20:57:07 Europe/Berlin] PHP Fatal error:  Uncaught Error: Failed opening required '/../config.php' (include_path='C:\xampp\php\PEAR') in C:\xampp\htdocs\backend\api\auth.php:2
Stack trace:
#0 C:\xampp\htdocs\backend\api\posts.php(6): require_once()
#1 {main}
  thrown in C:\xampp\htdocs\backend\api\auth.php on line 2
[17-Nov-2025 20:57:35 Europe/Berlin] getFeed called - limit: 50, beforeTimestamp: 9223372036854775807, currentUserId: user_69188f6b8e6ee7.38166017
[17-Nov-2025 20:57:35 Europe/Berlin] getFeed returning 7 posts
[17-Nov-2025 20:57:38 Europe/Berlin] getFeed called - limit: 50, beforeTimestamp: 9223372036854775807, currentUserId: user_69188f6b8e6ee7.38166017
[17-Nov-2025 20:57:38 Europe/Berlin] getFeed returning 7 posts
[17-Nov-2025 20:58:42 Europe/Berlin] PHP Fatal error:  Uncaught Error: Call to undefined function verifyJWT() in C:\xampp\htdocs\backend\api\posts.php:18
Stack trace:
#0 {main}
  thrown in C:\xampp\htdocs\backend\api\posts.php on line 18
[17-Nov-2025 20:58:45 Europe/Berlin] PHP Fatal error:  Uncaught Error: Call to undefined function verifyJWT() in C:\xampp\htdocs\backend\api\posts.php:18
Stack trace:
#0 {main}
  thrown in C:\xampp\htdocs\backend\api\posts.php on line 18
[17-Nov-2025 20:58:55 Europe/Berlin] PHP Fatal error:  Uncaught Error: Call to undefined function verifyJWT() in C:\xampp\htdocs\backend\api\posts.php:18
Stack trace:
#0 {main}
  thrown in C:\xampp\htdocs\backend\api\posts.php on line 18
[17-Nov-2025 20:58:55 Europe/Berlin] PHP Fatal error:  Uncaught Error: Call to undefined function verifyJWT() in C:\xampp\htdocs\backend\api\posts.php:18
Stack trace:
#0 {main}
  thrown in C:\xampp\htdocs\backend\api\posts.php on line 18
[17-Nov-2025 21:02:23 Europe/Berlin] getFeed called - limit: 50, beforeTimestamp: 9223372036854775807, currentUserId: user_69188f6b8e6ee7.38166017
[17-Nov-2025 21:02:23 Europe/Berlin] getFeed returning 7 posts
[17-Nov-2025 21:02:33 Europe/Berlin] getFeed called - limit: 50, beforeTimestamp: 9223372036854775807, currentUserId: user_69188f6b8e6ee7.38166017
[17-Nov-2025 21:02:33 Europe/Berlin] getFeed returning 7 posts
[17-Nov-2025 21:02:38 Europe/Berlin] getFeed called - limit: 50, beforeTimestamp: 9223372036854775807, currentUserId: user_69188f6b8e6ee7.38166017
[17-Nov-2025 21:02:38 Europe/Berlin] getFeed returning 7 posts
[17-Nov-2025 21:02:41 Europe/Berlin] getFeed called - limit: 50, beforeTimestamp: 9223372036854775807, currentUserId: user_69188f6b8e6ee7.38166017
[17-Nov-2025 21:02:42 Europe/Berlin] getFeed returning 7 posts
[17-Nov-2025 21:04:15 Europe/Berlin] PHP Warning:  require_once(C:\xampp\htdocs\backend\api/backend/config.php): Failed to open stream: No such file or directory in C:\xampp\htdocs\backend\api\auth.php on line 2
[17-Nov-2025 21:04:15 Europe/Berlin] PHP Fatal error:  Uncaught Error: Failed opening required 'C:\xampp\htdocs\backend\api/backend/config.php' (include_path='C:\xampp\php\PEAR') in C:\xampp\htdocs\backend\api\auth.php:2
Stack trace:
#0 C:\xampp\htdocs\backend\api\posts.php(6): require_once()
#1 {main}
  thrown in C:\xampp\htdocs\backend\api\auth.php on line 2
[17-Nov-2025 21:04:34 Europe/Berlin] PHP Fatal error:  Uncaught Error: Call to undefined function verifyJWT() in C:\xampp\htdocs\backend\api\posts.php:18
Stack trace:
#0 {main}
  thrown in C:\xampp\htdocs\backend\api\posts.php on line 18
[17-Nov-2025 21:04:36 Europe/Berlin] PHP Fatal error:  Uncaught Error: Call to undefined function verifyJWT() in C:\xampp\htdocs\backend\api\posts.php:18
Stack trace:
#0 {main}
  thrown in C:\xampp\htdocs\backend\api\posts.php on line 18
[17-Nov-2025 21:06:43 Europe/Berlin] PHP Fatal error:  Uncaught Error: Call to undefined function verifyJWT() in C:\xampp\htdocs\backend\api\posts.php:18
Stack trace:
#0 {main}
  thrown in C:\xampp\htdocs\backend\api\posts.php on line 18
[17-Nov-2025 21:06:43 Europe/Berlin] PHP Fatal error:  Uncaught Error: Call to undefined function verifyJWT() in C:\xampp\htdocs\backend\api\posts.php:18
Stack trace:
#0 {main}
  thrown in C:\xampp\htdocs\backend\api\posts.php on line 18
[17-Nov-2025 21:14:26 Europe/Berlin] getFeed called - limit: 50, beforeTimestamp: 9223372036854775807, currentUserId: user_69188f6b8e6ee7.38166017
[17-Nov-2025 21:14:26 Europe/Berlin] getFeed returning 7 posts
[17-Nov-2025 21:14:43 Europe/Berlin] getFeed called - limit: 50, beforeTimestamp: 9223372036854775807, currentUserId: user_69188f6b8e6ee7.38166017
[17-Nov-2025 21:14:43 Europe/Berlin] getFeed returning 7 posts
[17-Nov-2025 21:14:49 Europe/Berlin] getFeed called - limit: 50, beforeTimestamp: 9223372036854775807, currentUserId: user_69188f6b8e6ee7.38166017
[17-Nov-2025 21:14:49 Europe/Berlin] getFeed returning 7 posts
[17-Nov-2025 21:14:53 Europe/Berlin] getFeed called - limit: 50, beforeTimestamp: 9223372036854775807, currentUserId: user_69188f6b8e6ee7.38166017
[17-Nov-2025 21:14:53 Europe/Berlin] getFeed returning 7 posts
[17-Nov-2025 21:14:58 Europe/Berlin] getFeed called - limit: 50, beforeTimestamp: 9223372036854775807, currentUserId: user_69188f6b8e6ee7.38166017
[17-Nov-2025 21:14:58 Europe/Berlin] getFeed returning 7 posts
[17-Nov-2025 21:17:14 Europe/Berlin] getFeed called - limit: 50, beforeTimestamp: 9223372036854775807, currentUserId: user_69188f6b8e6ee7.38166017
[17-Nov-2025 21:17:14 Europe/Berlin] getFeed returning 7 posts
[17-Nov-2025 21:17:28 Europe/Berlin] getFeed called - limit: 50, beforeTimestamp: 9223372036854775807, currentUserId: user_69188f6b8e6ee7.38166017
[17-Nov-2025 21:17:28 Europe/Berlin] getFeed returning 7 posts
[17-Nov-2025 21:17:34 Europe/Berlin] getFeed called - limit: 50, beforeTimestamp: 9223372036854775807, currentUserId: user_69188f6b8e6ee7.38166017
[17-Nov-2025 21:17:34 Europe/Berlin] getFeed returning 7 posts
